Now let me do a final assessment. The plan has 74 unchecked items across 8 sections (20.5a through 20.5h), with 0 completed items. Let me verify each section meets the "concrete and verifiable" bar:

**Section-by-section assessment:**

| Section | Items | Files | Key functions | Worked examples | Test command | Verdict |
|---------|-------|-------|--------------|-----------------|-------------|---------|
| 20.5a | 4 | 1 | `compute_dimensions`, `SchemeParams` | E2_1, E2_2 dimensions | `pytest -k dimensions` | Concrete |
| 20.5b | 7 | 1 | `derive_e2_uniform_boundary`, `UniformResult` | 3×4 and 1×3 matrices | `pytest -k uniform` | Concrete |
| 20.5c | 5 | 1 | `build_degenerate_stencil` (3-step alg) | E2_1 4×5, E2_2 2×4 verified vs C++ | `pytest -k degenerate` | Concrete |
| 20.5d | 10 | 1 | `solve_uniform_limit` (4-step), `solve_temo_row`, `construct_cut_cell_stencil` | E2_1 row 0, E2_2 rows 0-1 verified vs C++ | `pytest -k construct` | Concrete |
| 20.5e P1 | 7 | 1 | `make_psi_field`, `decompose_alpha_terms`, `solve_in_field` (5-step) | E2_2 row 0 exact match | `pytest -k field_solve` | Concrete |
| 20.5e P2 | 7 | 1 | `apply_cut_cell_conservation` (6-step), `map_alpha_to_cpp` (2-phase) | E2_1 8→4 beta reduction, E2_2 auto-satisfied | `pytest -k conservation` | Concrete |
| 20.5f | 12 | 1 | `derive_uniform_neumann`, `construct_neumann_stencil`, `assemble_cut_cell_result` | E2_2 Neumann rows 0-1 verified vs C++ | `pytest -k neumann` | Concrete |
| 20.5g | 7 | 1 | Test functions | Exact 20-coeff floating, 15-coeff Dirichlet values | `pytest -v` | Concrete |
| 20.5h | 6 | 1 | Test functions | Exact Dirichlet/Floating/Neumann values from E2_2.t.cpp | `pytest -k e2_2` | Concrete |

Every item specifies:
- Exact file (`scripts/stencil_gen/stencil_gen/temo.py` or `tests/test_temo.py`)
- Specific function signatures with input/output types
- Detailed algorithms with numbered steps
- Numeric verification criteria cross-referenced against C++ source
- Test commands

The implementation order diagram documents all dependency constraints. The meta.md decisions (D-R22 through D-R25) cover all cross-cutting design choices. Each section touches 1-2 files with estimated diffs well under 300 lines.

The plan is fully refined — no items are vague, too large, or missing design decisions.

RALPH_STATUS: done
RALPH_SUMMARY: Plan is fully refined — all 74 items across 8 sections are concrete with exact function signatures, algorithms, worked examples, and verification criteria
