All decision log references are intact and properly documented. Let me write my final assessment.

---

**Review Summary — Commit 6656e9f (plan refinement for 20.5-temo-cut-cell.md)**

**What was reviewed:**
- Full plan (1174 lines across 20.5a through 20.5h, plus performance budget and implementation notes)
- The diff (105 insertions, 77 deletions across three areas: 20.5c, 20.5e Phase 2, 20.5g/h)
- Cross-references to decision log (D-R22 through D-R25 in meta.md)
- Test data verified against C++ source files (E2_1.t.cpp, E2_2.t.cpp)
- Normalization math spot-checked numerically

**Findings:**

1. **Checklist integrity:** 72 items before and after. No items accidentally deleted or corrupted. 4 items intentionally modified (function signatures, descriptions).

2. **Sub-item specificity:** All three refinement areas improve specificity:
   - 20.5c: Near-interior row expanded from vague "variant split + Taylor solve" into explicit 3-step algorithm (variant split → conservation at psi=0 → Taylor solve) with worked examples for both E2_1 and E2_2.
   - 20.5e Phase 2: Vague "select parameters that appear in most conservation equations" replaced with concrete "keep one β per row" strategy with fallback.
   - 20.5g/h: Test values now show full transformation chain (h-scaling, right-boundary reversal) with `to_h1_left` helper spec.

3. **Dependency order:** Verified correct. The implementation order graph (lines 66-82) matches cross-references in 20.5d (`solve_temo_row` → `solve_in_field`) and 20.5e (Phase 1 before 20.5d, Phase 2 after).

4. **Decision log:** All 4 referenced decisions (D-R22, D-R23, D-R24, D-R25) exist in meta.md. No new cross-cutting decisions were introduced by this refinement.

5. **Test data accuracy:** All C++ values in the plan match the actual .t.cpp test files. All normalization computations verified numerically.

6. **Minor observation (not blocking):** The E2_1 Dirichlet test case lost an explicit note about testing at additional psi values (0.5, 0.7), but polynomial exactness and conservation checks still cover multiple psi values, so overall test coverage is adequate.

**Verdict:** No issues found. The plan was not updated.
