## Review Summary

**Commit reviewed:** c6d2914 — "Add all intermediate row symbolic coefficients and inline numerical test data to 20.3"

**What the commit does:** Expands 20.3f (E6u tests) and 20.3g (E8u tests) to include:
- E6u rows 1-2 symbolic coefficients (new tests 2-3), renumbered existing tests 2-6 → 4-8
- E8u rows 1-4 symbolic coefficients (new tests 2-5), renumbered existing tests 2-7 → 6-11
- Inlined all 40 floating-point + 32 Dirichlet expected values for E6u
- Inlined all 77 floating-point + 66 Dirichlet expected values for E8u

**Checks performed:**

1. **Specificity** — All sub-items (20.3a-20.3g) name exact files, function signatures, test commands, and all expected values are now inline. Plan is fully self-contained. Pass.

2. **Ordering** — Dependency diagram (`20.3a→b→c→d→e→{f,g}`, with `20.2→c`) is correct and consistent with "Depends on" annotations in each sub-item. Pass.

3. **No deletions/corruption** — Test numbering is sequential and complete:
   - E6u (20.3f): tests 1-8 covering rows 0-4, floating, Dirichlet, polynomial exactness
   - E8u (20.3g): tests 1-11 covering rows 0-6, floating, Dirichlet, polynomial exactness, performance
   - No old content was lost; only additions and renumbering. Pass.

4. **Symbolic coefficients verified** — Spot-checked all rows against C++ source:
   - E6u rows 0-4 match `E6u_1.cpp` lines 81-134 exactly
   - E8u rows 0-6 match `E8u_1.cpp` lines 83-185 exactly

5. **Numerical values verified** — All inline floating-point arrays match their C++ test file counterparts (`E6u_1.t.cpp`, `E8u_1.t.cpp`) value-for-value, including count (40+32 for E6u, 77+66 for E8u).

6. **Decision log** — No cross-cutting decisions introduced; no update to `plans/meta.md` needed.

**Result: No issues found. Plan not updated.**
